2025-08-11 18:50:19,501 - __main__ - ERROR - DISCORD_BOT_TOKEN environment variable not found!
2025-08-11 18:50:19,501 - __main__ - INFO - Please set your Discord bot token in the environment variables.
2025-08-11 18:55:14,974 - discord.client - WARNING - PyNaCl is not installed, voice will NOT be supported
2025-08-11 18:55:14,974 - discord.client - INFO - logging in using static token
2025-08-11 18:55:15,327 - __main__ - INFO - Setting up bot...
2025-08-11 18:55:15,677 - database.manager - INFO - Database initialized successfully
2025-08-11 18:55:15,678 - __main__ - INFO - Database initialized successfully
2025-08-11 18:55:15,690 - __main__ - INFO - Loaded extension: cogs.economy
2025-08-11 18:55:15,700 - __main__ - INFO - Loaded extension: cogs.gambling
2025-08-11 18:55:15,705 - __main__ - ERROR - Failed to load extension cogs.admin: Extension 'cogs.admin' raised an error: TypeError: Commands or listeners must not start with cog_ or bot_ (in method Admin.bot_info)
2025-08-11 18:55:15,716 - __main__ - INFO - Loaded extension: cogs.items
2025-08-11 18:55:15,725 - __main__ - INFO - Loaded extension: cogs.levels
2025-08-11 18:55:15,733 - __main__ - INFO - Loaded extension: cogs.moderation
2025-08-11 18:55:15,738 - __main__ - INFO - Loaded extension: cogs.utilities
2025-08-11 18:55:16,047 - discord.gateway - INFO - Shard ID None has connected to Gateway (Session ID: 7fee67961b092100de622b8ffc4a3a0a).
2025-08-11 18:55:18,063 - __main__ - INFO - Muchirou-takitou (ID: 1152064713392394240) is ready!
2025-08-11 18:55:18,064 - __main__ - INFO - Connected to 2 guilds
2025-08-11 18:55:18,064 - __main__ - INFO - Serving 283 users
2025-08-11 18:56:27,486 - discord.client - WARNING - PyNaCl is not installed, voice will NOT be supported
2025-08-11 18:56:27,486 - discord.client - INFO - logging in using static token
2025-08-11 18:56:27,830 - __main__ - INFO - Setting up bot...
2025-08-11 18:56:27,833 - database.manager - INFO - Database initialized successfully
2025-08-11 18:56:27,833 - __main__ - INFO - Database initialized successfully
2025-08-11 18:56:27,839 - __main__ - INFO - Loaded extension: cogs.economy
2025-08-11 18:56:27,841 - __main__ - INFO - Loaded extension: cogs.gambling
2025-08-11 18:56:27,843 - __main__ - ERROR - Failed to load extension cogs.admin: Extension 'cogs.admin' raised an error: TypeError: Commands or listeners must not start with cog_ or bot_ (in method Admin.bot_info)
2025-08-11 18:56:27,847 - __main__ - INFO - Loaded extension: cogs.items
2025-08-11 18:56:27,850 - __main__ - INFO - Loaded extension: cogs.levels
2025-08-11 18:56:27,854 - __main__ - INFO - Loaded extension: cogs.moderation
2025-08-11 18:56:27,856 - __main__ - INFO - Loaded extension: cogs.utilities
2025-08-11 18:56:28,115 - discord.gateway - INFO - Shard ID None has connected to Gateway (Session ID: 61ed9e56436f04b61748a4b7a9588fe1).
2025-08-11 18:56:30,174 - __main__ - INFO - Muchirou-takitou (ID: 1152064713392394240) is ready!
2025-08-11 18:56:30,174 - __main__ - INFO - Connected to 2 guilds
2025-08-11 18:56:30,174 - __main__ - INFO - Serving 283 users
2025-08-11 19:10:14,290 - discord.client - WARNING - PyNaCl is not installed, voice will NOT be supported
2025-08-11 19:10:14,292 - discord.client - INFO - logging in using static token
2025-08-11 19:10:14,968 - __main__ - INFO - Setting up bot...
2025-08-11 19:10:14,971 - database.manager - INFO - Database initialized successfully
2025-08-11 19:10:14,972 - __main__ - INFO - Database initialized successfully
2025-08-11 19:10:15,009 - __main__ - ERROR - Failed to load extension cogs.economy: Extension 'cogs.economy' has no 'setup' function.
2025-08-11 19:10:15,019 - __main__ - INFO - Loaded extension: cogs.gambling
2025-08-11 19:10:15,032 - __main__ - INFO - Loaded extension: cogs.admin
2025-08-11 19:10:15,042 - __main__ - INFO - Loaded extension: cogs.items
2025-08-11 19:10:15,048 - __main__ - INFO - Loaded extension: cogs.levels
2025-08-11 19:10:15,057 - __main__ - INFO - Loaded extension: cogs.moderation
2025-08-11 19:10:15,070 - __main__ - INFO - Loaded extension: cogs.utilities
2025-08-11 19:10:15,319 - discord.gateway - INFO - Shard ID None has connected to Gateway (Session ID: 7d8f99ed349ad282df87136e5d7e2443).
2025-08-11 19:10:20,394 - discord.client - WARNING - PyNaCl is not installed, voice will NOT be supported
2025-08-11 19:10:20,394 - discord.client - INFO - logging in using static token
2025-08-11 19:10:20,688 - __main__ - INFO - Setting up bot...
2025-08-11 19:10:20,690 - database.manager - INFO - Database initialized successfully
2025-08-11 19:10:20,691 - __main__ - INFO - Database initialized successfully
2025-08-11 19:10:20,703 - __main__ - INFO - Loaded extension: cogs.economy.balance
2025-08-11 19:10:20,706 - __main__ - INFO - Loaded extension: cogs.economy.income
2025-08-11 19:10:20,708 - __main__ - INFO - Loaded extension: cogs.economy.transactions
2025-08-11 19:10:20,714 - __main__ - INFO - Loaded extension: cogs.gambling
2025-08-11 19:10:20,719 - __main__ - INFO - Loaded extension: cogs.admin
2025-08-11 19:10:20,725 - __main__ - INFO - Loaded extension: cogs.items
2025-08-11 19:10:20,729 - __main__ - INFO - Loaded extension: cogs.levels
2025-08-11 19:10:20,736 - __main__ - INFO - Loaded extension: cogs.moderation
2025-08-11 19:10:20,740 - __main__ - INFO - Loaded extension: cogs.utilities
2025-08-11 19:10:20,744 - __main__ - ERROR - Failed to load extension cogs.help_system: Extension 'cogs.help_system' raised an error: TypeError: button() got an unexpected keyword argument 'url'
2025-08-11 19:10:20,750 - __main__ - INFO - Loaded extension: cogs.settings
2025-08-11 19:10:20,955 - discord.gateway - INFO - Shard ID None has connected to Gateway (Session ID: 3e8658deb8dec7e492d866125fc788dc).
2025-08-11 19:10:22,989 - __main__ - INFO - Muchirou-takitou (ID: 1152064713392394240) is ready!
2025-08-11 19:10:22,990 - __main__ - INFO - Connected to 2 guilds
2025-08-11 19:10:22,990 - __main__ - INFO - Serving 283 users
2025-08-11 19:11:55,030 - discord.client - WARNING - PyNaCl is not installed, voice will NOT be supported
2025-08-11 19:11:55,031 - discord.client - INFO - logging in using static token
2025-08-11 19:11:55,436 - __main__ - INFO - Setting up bot...
2025-08-11 19:11:55,439 - database.manager - INFO - Database initialized successfully
2025-08-11 19:11:55,440 - __main__ - INFO - Database initialized successfully
2025-08-11 19:11:55,448 - __main__ - INFO - Loaded extension: cogs.economy.balance
2025-08-11 19:11:55,450 - __main__ - INFO - Loaded extension: cogs.economy.income
2025-08-11 19:11:55,452 - __main__ - INFO - Loaded extension: cogs.economy.transactions
2025-08-11 19:11:55,455 - __main__ - INFO - Loaded extension: cogs.gambling
2025-08-11 19:11:55,458 - __main__ - INFO - Loaded extension: cogs.admin
2025-08-11 19:11:55,463 - __main__ - INFO - Loaded extension: cogs.items
2025-08-11 19:11:55,466 - __main__ - INFO - Loaded extension: cogs.levels
2025-08-11 19:11:55,470 - __main__ - INFO - Loaded extension: cogs.moderation
2025-08-11 19:11:55,474 - __main__ - INFO - Loaded extension: cogs.utilities
2025-08-11 19:11:55,480 - __main__ - ERROR - Failed to load extension cogs.help_system: Extension 'cogs.help_system' raised an error: CommandRegistrationError: The command help is already an existing command or alias.
2025-08-11 19:11:55,482 - __main__ - INFO - Loaded extension: cogs.settings
2025-08-11 19:11:55,710 - discord.gateway - INFO - Shard ID None has connected to Gateway (Session ID: 2aea1e436cef91a6e624219ae5238b7b).
2025-08-11 19:11:57,733 - __main__ - INFO - Muchirou-takitou (ID: 1152064713392394240) is ready!
2025-08-11 19:11:57,734 - __main__ - INFO - Connected to 2 guilds
2025-08-11 19:11:57,734 - __main__ - INFO - Serving 283 users
2025-08-11 19:12:14,613 - discord.client - WARNING - PyNaCl is not installed, voice will NOT be supported
2025-08-11 19:12:14,613 - discord.client - INFO - logging in using static token
2025-08-11 19:12:14,894 - __main__ - INFO - Setting up bot...
2025-08-11 19:12:14,898 - database.manager - INFO - Database initialized successfully
2025-08-11 19:12:14,899 - __main__ - INFO - Database initialized successfully
2025-08-11 19:12:14,911 - __main__ - INFO - Loaded extension: cogs.economy.balance
2025-08-11 19:12:14,914 - __main__ - INFO - Loaded extension: cogs.economy.income
2025-08-11 19:12:14,916 - __main__ - INFO - Loaded extension: cogs.economy.transactions
2025-08-11 19:12:14,919 - __main__ - INFO - Loaded extension: cogs.gambling
2025-08-11 19:12:14,922 - __main__ - INFO - Loaded extension: cogs.admin
2025-08-11 19:12:14,927 - __main__ - INFO - Loaded extension: cogs.items
2025-08-11 19:12:14,930 - __main__ - INFO - Loaded extension: cogs.levels
2025-08-11 19:12:14,935 - __main__ - INFO - Loaded extension: cogs.moderation
2025-08-11 19:12:14,938 - __main__ - INFO - Loaded extension: cogs.utilities
2025-08-11 19:12:14,942 - __main__ - INFO - Loaded extension: cogs.help_system
2025-08-11 19:12:14,944 - __main__ - INFO - Loaded extension: cogs.settings
2025-08-11 19:12:15,179 - discord.gateway - INFO - Shard ID None has connected to Gateway (Session ID: d2418ff8b9c53eabf91df764bd9e57f0).
2025-08-11 19:12:17,205 - __main__ - INFO - Muchirou-takitou (ID: 1152064713392394240) is ready!
2025-08-11 19:12:17,205 - __main__ - INFO - Connected to 2 guilds
2025-08-11 19:12:17,206 - __main__ - INFO - Serving 283 users
2025-08-11 19:12:43,238 - discord.client - WARNING - PyNaCl is not installed, voice will NOT be supported
2025-08-11 19:12:43,238 - discord.client - INFO - logging in using static token
2025-08-11 19:12:44,190 - __main__ - INFO - Setting up bot...
2025-08-11 19:12:44,193 - database.manager - INFO - Database initialized successfully
2025-08-11 19:12:44,193 - __main__ - INFO - Database initialized successfully
2025-08-11 19:12:44,202 - __main__ - INFO - Loaded extension: cogs.economy.balance
2025-08-11 19:12:44,204 - __main__ - INFO - Loaded extension: cogs.economy.income
2025-08-11 19:12:44,206 - __main__ - INFO - Loaded extension: cogs.economy.transactions
2025-08-11 19:12:44,208 - __main__ - INFO - Loaded extension: cogs.gambling
2025-08-11 19:12:44,211 - __main__ - INFO - Loaded extension: cogs.admin
2025-08-11 19:12:44,215 - __main__ - INFO - Loaded extension: cogs.items
2025-08-11 19:12:44,218 - __main__ - INFO - Loaded extension: cogs.levels
2025-08-11 19:12:44,222 - __main__ - INFO - Loaded extension: cogs.moderation
2025-08-11 19:12:44,225 - __main__ - INFO - Loaded extension: cogs.utilities
2025-08-11 19:12:44,226 - __main__ - INFO - Loaded extension: cogs.help_system
2025-08-11 19:12:44,228 - __main__ - INFO - Loaded extension: cogs.settings
2025-08-11 19:12:44,542 - discord.gateway - INFO - Shard ID None has connected to Gateway (Session ID: c89cc317ab0b35554226d6d224d0a585).
2025-08-11 19:12:46,567 - __main__ - INFO - Muchirou-takitou (ID: 1152064713392394240) is ready!
2025-08-11 19:12:46,568 - __main__ - INFO - Connected to 2 guilds
2025-08-11 19:12:46,568 - __main__ - INFO - Serving 283 users
2025-08-12 01:39:46,598 - __main__ - ERROR - DISCORD_BOT_TOKEN environment variable not found!
2025-08-12 01:39:46,601 - __main__ - INFO - Please set your Discord bot token in the environment variables.
